<?xml version="1.0" encoding="UTF-8"?>
<!-- Generated by org.testng.reporters.JUnitXMLReporter -->
<testsuite hostname="AsusEEE" ignored="0" tests="9" failures="0" timestamp="11 feb 2017 20:13:02 GMT" time="0.11" errors="0">
  <testcase name="testCountCharacter" time="0.031" classname="TestDayOne"/>
  <testcase name="testGetFloor1" time="0.015" classname="TestDayOne"/>
  <testcase name="testGetFloor2" time="0.0" classname="TestDayOne"/>
  <testcase name="testGetFloor3" time="0.0" classname="TestDayOne"/>
  <testcase name="testGetFloor4" time="0.016" classname="TestDayOne"/>
  <testcase name="testGetFloor5" time="0.0" classname="TestDayOne"/>
  <testcase name="testGetFloor6" time="0.0" classname="TestDayOne"/>
  <testcase name="testGetFloor7" time="0.016" classname="TestDayOne"/>
  <testcase name="testGetFloor8" time="0.0" classname="TestDayOne"/>
</testsuite>
