<?xml version="1.0" encoding="UTF-8"?>
<testng-results skipped="0" failed="0" ignored="0" total="9" passed="9">
  <reporter-output>
  </reporter-output>
  <suite name="Default suite" duration-ms="110" started-at="2017-02-11T20:13:02Z" finished-at="2017-02-11T20:13:02Z">
    <groups>
    </groups>
    <test name="Default test" duration-ms="110" started-at="2017-02-11T20:13:02Z" finished-at="2017-02-11T20:13:02Z">
      <class name="TestDayOne">
        <test-method status="PASS" signature="testCountCharacter()[pri:0, instance:TestDayOne@d992b2]" name="testCountCharacter" duration-ms="31" started-at="2017-02-11T21:13:02Z" finished-at="2017-02-11T21:13:02Z">
          <reporter-output>
          </reporter-output>
        </test-method> <!-- testCountCharacter -->
        <test-method status="PASS" signature="testGetFloor1()[pri:0, instance:TestDayOne@d992b2]" name="testGetFloor1" duration-ms="15" started-at="2017-02-11T21:13:02Z" finished-at="2017-02-11T21:13:02Z">
          <reporter-output>
          </reporter-output>
        </test-method> <!-- testGetFloor1 -->
        <test-method status="PASS" signature="testGetFloor4()[pri:0, instance:TestDayOne@d992b2]" name="testGetFloor4" duration-ms="16" started-at="2017-02-11T21:13:02Z" finished-at="2017-02-11T21:13:02Z">
          <reporter-output>
          </reporter-output>
        </test-method> <!-- testGetFloor4 -->
        <test-method status="PASS" signature="testGetFloor2()[pri:0, instance:TestDayOne@d992b2]" name="testGetFloor2" duration-ms="0" started-at="2017-02-11T21:13:02Z" finished-at="2017-02-11T21:13:02Z">
          <reporter-output>
          </reporter-output>
        </test-method> <!-- testGetFloor2 -->
        <test-method status="PASS" signature="testGetFloor3()[pri:0, instance:TestDayOne@d992b2]" name="testGetFloor3" duration-ms="0" started-at="2017-02-11T21:13:02Z" finished-at="2017-02-11T21:13:02Z">
          <reporter-output>
          </reporter-output>
        </test-method> <!-- testGetFloor3 -->
        <test-method status="PASS" signature="testGetFloor6()[pri:0, instance:TestDayOne@d992b2]" name="testGetFloor6" duration-ms="0" started-at="2017-02-11T21:13:02Z" finished-at="2017-02-11T21:13:02Z">
          <reporter-output>
          </reporter-output>
        </test-method> <!-- testGetFloor6 -->
        <test-method status="PASS" signature="testGetFloor7()[pri:0, instance:TestDayOne@d992b2]" name="testGetFloor7" duration-ms="16" started-at="2017-02-11T21:13:02Z" finished-at="2017-02-11T21:13:02Z">
          <reporter-output>
          </reporter-output>
        </test-method> <!-- testGetFloor7 -->
        <test-method status="PASS" signature="testGetFloor5()[pri:0, instance:TestDayOne@d992b2]" name="testGetFloor5" duration-ms="0" started-at="2017-02-11T21:13:02Z" finished-at="2017-02-11T21:13:02Z">
          <reporter-output>
          </reporter-output>
        </test-method> <!-- testGetFloor5 -->
        <test-method status="PASS" signature="testGetFloor8()[pri:0, instance:TestDayOne@d992b2]" name="testGetFloor8" duration-ms="0" started-at="2017-02-11T21:13:02Z" finished-at="2017-02-11T21:13:02Z">
          <reporter-output>
          </reporter-output>
        </test-method> <!-- testGetFloor8 -->
      </class> <!-- TestDayOne -->
    </test> <!-- Default test -->
  </suite> <!-- Default suite -->
</testng-results>
