<?xml version="1.0" encoding="UTF-8"?>
<testng-results skipped="0" failed="0" ignored="0" total="2" passed="2">
  <reporter-output>
  </reporter-output>
  <suite name="Default suite" duration-ms="109" started-at="2017-02-11T17:42:40Z" finished-at="2017-02-11T17:42:40Z">
    <groups>
    </groups>
    <test name="Default test" duration-ms="109" started-at="2017-02-11T17:42:40Z" finished-at="2017-02-11T17:42:40Z">
      <class name="TestDayOne">
        <test-method status="PASS" signature="testCountCharacter()[pri:0, instance:TestDayOne@10399e]" name="testCountCharacter" duration-ms="47" started-at="2017-02-11T18:42:40Z" finished-at="2017-02-11T18:42:40Z">
          <reporter-output>
          </reporter-output>
        </test-method> <!-- testCountCharacter -->
        <test-method status="PASS" signature="testGetFloor()[pri:0, instance:TestDayOne@10399e]" name="testGetFloor" duration-ms="0" started-at="2017-02-11T18:42:40Z" finished-at="2017-02-11T18:42:40Z">
          <reporter-output>
          </reporter-output>
        </test-method> <!-- testGetFloor -->
      </class> <!-- TestDayOne -->
    </test> <!-- Default test -->
  </suite> <!-- Default suite -->
</testng-results>
